<?xml version="1.0" encoding="UTF-8"?>
<testsuite name="physics.CollisionDetectionTests" tests="1" skipped="0" failures="0" errors="0" timestamp="2021-05-27T18:36:37" hostname="DESKTOP-F76G0N2" time="0.002">
  <properties/>
  <testcase name="test" classname="physics.CollisionDetectionTests" time="0.002"/>
  <system-out><![CDATA[]]></system-out>
  <system-err><![CDATA[]]></system-err>
</testsuite>
